<?xml version="1.0" encoding="UTF-8"?>
<!-- Generated by org.testng.reporters.JUnitXMLReporter -->
<testsuite ignored="0" hostname="DESKTOP-VEMCPH6" failures="0" tests="5" name="Surefire test" time="14.145" errors="0" timestamp="2024-06-19T00:47:08 IST">
  <testcase classname="com.spotify.oauth2.tests.PlaylistTest" name="ShouldNotBeAbleToCreatePlaylistwithExpiredToken" time="11.29"/>
  <testcase classname="com.spotify.oauth2.tests.PlaylistTest" name="ShouldNotBeAbleToCreatePlaylistwithName" time="13.725"/>
  <testcase classname="com.spotify.oauth2.tests.PlaylistTest" name="ShouldBeAbleToCreatePlaylistPOJO" time="13.888"/>
  <testcase classname="com.spotify.oauth2.tests.PlaylistTest" name="ShouldBeAbleToGetPlaylistPOJO" time="13.899"/>
  <testcase classname="com.spotify.oauth2.tests.PlaylistTest" name="ShouldBeAbleToUpdatePlaylistPOJO" time="13.954"/>
</testsuite> <!-- Surefire test -->
