<?xml version="1.0" encoding="UTF-8"?>
<testsuite xmlns:xsi="http://www.w3.org/2001/XMLSchema-instance" xsi:noNamespaceSchemaLocation="https://maven.apache.org/surefire/maven-surefire-plugin/xsd/surefire-test-report-3.0.xsd" version="3.0" name="com.spotify.oauth2.tests.PlaylistTest" time="10.877" tests="5" errors="0" skipped="0" failures="0">
  <properties>
[...]
</properties>
  <testcase name="ShouldBeAbleToCreatePlaylistPOJO" classname="com.spotify.oauth2.tests.PlaylistTest" time="7.04">
    <system-out><![CDATA[Renewing token
Request method:	POST
Request URI:	https://accounts.spotify.com/api/token
Proxy:			<none>
Request params:	<none>
Query params:	<none>
Form params:	refresh_token=AQDsusGKa2BS559yhiXRF9YAzVF8qDc3RbOvOtMIVfLTtlaWdva8bO4IYiu68YOU-HvyQjBQkop-YUfiMxd_3IF2OSvwxDtdr8swMJKbafY1VgRK5F9fTP_mR_e8_3ylzjk
				grant_type=refresh_token
				client_secret=a0def64bf0fc442594d85de5c32f3188
				client_id=d91b4a1f689842b0a7ab7fee6f564fa6
Path params:	<none>
Headers:		Accept=*/*
				Content-Type=application/x-www-form-urlencoded; charset=ISO-8859-1
Cookies:		<none>
Multiparts:		<none>
Body:			<none>
HTTP/1.1 200 OK
date: Mon, 17 Jun 2024 07:32:19 GMT
content-type: application/json
vary: Accept-Encoding
set-cookie: __Host-device_id=AQCjk-dPN2hfNiGq6HnDusu9G5lQEmNdLt62QB7yH6rV0ARAtjZT5sPv19kQ9mFSc807Zd3jQj8olX-dAMymolDNj47t5w2mclc;Version=1;Path=/;Max-Age=2147483647;Secure;HttpOnly;SameSite=Lax
set-cookie: sp_tr=false;Version=1;Domain=accounts.spotify.com;Path=/;Secure;SameSite=Lax
sp-trace-id: 14c1d2393980bc1d
content-encoding: gzip
x-envoy-upstream-service-time: 24
server: envoy
strict-transport-security: max-age=31536000
x-content-type-options: nosniff
Via: HTTP/2 edgeproxy, 1.1 google
Alt-Svc: h3=":443"; ma=2592000,h3-29=":443"; ma=2592000
Transfer-Encoding: chunked

{
    "access_token": "BQCJ-WLTnum3ZDK7HKu5C5QS2JubKxLep6hXUxZBZfBC3tMXIvq2w6y53c1HIgkzztBoBSsaMR1kBYbO_IuCEyJDvHjkj9O2XnzGb3d7S_UWCyEQxxrqlzolMtk4cJx6OOR9zZyFCOMeSVu4blBiHsbu0T9URqaQEB0Yt87fVRcTo8r17hoFZTTBN2UK2tempBey1q1WaNCQCeiy_en_cai1WfkO8K8bewXW0w1Sq2AhtVX-P29YS5erF235aGCdV-NIoidcdFoesU-A",
    "token_type": "Bearer",
    "expires_in": 3600,
    "scope": "playlist-read-private playlist-read-collaborative playlist-modify-private playlist-modify-public"
}
Request method:	POST
Request URI:	https://api.spotify.com/v1/users/31o3uqah3pqvwedg5ur6swprwnbi/playlists
Proxy:			<none>
Request params:	<none>
Query params:	<none>
Form params:	<none>
Path params:	<none>
Headers:		Authorization=Bearer BQCJ-WLTnum3ZDK7HKu5C5QS2JubKxLep6hXUxZBZfBC3tMXIvq2w6y53c1HIgkzztBoBSsaMR1kBYbO_IuCEyJDvHjkj9O2XnzGb3d7S_UWCyEQxxrqlzolMtk4cJx6OOR9zZyFCOMeSVu4blBiHsbu0T9URqaQEB0Yt87fVRcTo8r17hoFZTTBN2UK2tempBey1q1WaNCQCeiy_en_cai1WfkO8K8bewXW0w1Sq2AhtVX-P29YS5erF235aGCdV-NIoidcdFoesU-A
				Accept=*/*
				Content-Type=application/json
Cookies:		<none>
Multiparts:		<none>
Body:
{
    "description": "pojo descritpion api layer tovi",
    "name": "pojo api layer tovi",
    "public": false,
    "limit": 0
}
HTTP/1.1 201 Created
content-type: application/json; charset=utf-8
cache-control: private, max-age=0
x-robots-tag: noindex, nofollow
access-control-allow-origin: *
access-control-allow-headers: Accept, App-Platform, Authorization, Content-Type, Origin, Retry-After, Spotify-App-Version, X-Cloud-Trace-Context, client-token, content-access-token
access-control-allow-methods: GET, POST, OPTIONS, PUT, DELETE, PATCH
access-control-allow-credentials: true
access-control-max-age: 604800
content-encoding: gzip
strict-transport-security: max-age=31536000
x-content-type-options: nosniff
date: Mon, 17 Jun 2024 07:32:22 GMT
server: envoy
Via: HTTP/2 edgeproxy, 1.1 google
Alt-Svc: h3=":443"; ma=2592000,h3-29=":443"; ma=2592000
Transfer-Encoding: chunked

{
    "collaborative": false,
    "description": "pojo descritpion api layer tovi",
    "external_urls": {
        "spotify": "https://open.spotify.com/playlist/3hoja1Wj8wOQlbHUqBDQdu"
    },
    "followers": {
        "href": null,
        "total": 0
    },
    "href": "https://api.spotify.com/v1/playlists/3hoja1Wj8wOQlbHUqBDQdu",
    "id": "3hoja1Wj8wOQlbHUqBDQdu",
    "images": [
        
    ],
    "primary_color": null,
    "name": "pojo api layer tovi",
    "type": "playlist",
    "uri": "spotify:playlist:3hoja1Wj8wOQlbHUqBDQdu",
    "owner": {
        "href": "https://api.spotify.com/v1/users/ec094942f7bf481da2e2226afe19b1f9",
        "id": "ec094942f7bf481da2e2226afe19b1f9",
        "type": "user",
        "uri": "spotify:user:ec094942f7bf481da2e2226afe19b1f9",
        "display_name": null,
        "external_urls": {
            "spotify": "https://open.spotify.com/user/ec094942f7bf481da2e2226afe19b1f9"
        }
    },
    "public": false,
    "snapshot_id": "AAAAMF5ZZq1w7nQFFy4uR9ART20bU4Pv",
    "tracks": {
        "limit": 100,
        "next": null,
        "offset": 0,
        "previous": null,
        "href": "https://api.spotify.com/v1/playlists/3hoja1Wj8wOQlbHUqBDQdu/tracks",
        "total": 0,
        "items": [
            
        ]
    }
}
]]></system-out>
    <system-err><![CDATA[SLF4J: Failed to load class "org.slf4j.impl.StaticLoggerBinder".
SLF4J: Defaulting to no-operation (NOP) logger implementation
SLF4J: See http://www.slf4j.org/codes.html#StaticLoggerBinder for further details.
]]></system-err>
  </testcase>
  <testcase name="ShouldBeAbleToGetPlaylistPOJO" classname="com.spotify.oauth2.tests.PlaylistTest" time="0.302">
    <system-out><![CDATA[Token is good to use
Request method:	GET
Request URI:	https://api.spotify.com/v1/playlists/508ADK1dXPWxw0pRt8r4Ky
Proxy:			<none>
Request params:	<none>
Query params:	<none>
Form params:	<none>
Path params:	<none>
Headers:		Authorization=Bearer BQCJ-WLTnum3ZDK7HKu5C5QS2JubKxLep6hXUxZBZfBC3tMXIvq2w6y53c1HIgkzztBoBSsaMR1kBYbO_IuCEyJDvHjkj9O2XnzGb3d7S_UWCyEQxxrqlzolMtk4cJx6OOR9zZyFCOMeSVu4blBiHsbu0T9URqaQEB0Yt87fVRcTo8r17hoFZTTBN2UK2tempBey1q1WaNCQCeiy_en_cai1WfkO8K8bewXW0w1Sq2AhtVX-P29YS5erF235aGCdV-NIoidcdFoesU-A
				Accept=*/*
				Content-Type=application/json
Cookies:		<none>
Multiparts:		<none>
Body:			<none>
HTTP/1.1 200 OK
content-type: application/json; charset=utf-8
cache-control: public, max-age=0
etag: "MC-IjdmNzQyNTY5NWI4MzIyZDViZTlmY2YwODE4ZTAwYTE5Ig=="
x-robots-tag: noindex, nofollow
access-control-allow-origin: *
access-control-allow-headers: Accept, App-Platform, Authorization, Content-Type, Origin, Retry-After, Spotify-App-Version, X-Cloud-Trace-Context, client-token, content-access-token
access-control-allow-methods: GET, POST, OPTIONS, PUT, DELETE, PATCH
access-control-allow-credentials: true
access-control-max-age: 604800
content-encoding: gzip
strict-transport-security: max-age=31536000
x-content-type-options: nosniff
date: Mon, 17 Jun 2024 07:32:22 GMT
server: envoy
Via: HTTP/2 edgeproxy, 1.1 google
Alt-Svc: h3=":443"; ma=2592000,h3-29=":443"; ma=2592000
Transfer-Encoding: chunked

{
    "collaborative": false,
    "description": "pojo descritpion",
    "external_urls": {
        "spotify": "https://open.spotify.com/playlist/508ADK1dXPWxw0pRt8r4Ky"
    },
    "followers": {
        "href": null,
        "total": 0
    },
    "href": "https://api.spotify.com/v1/playlists/508ADK1dXPWxw0pRt8r4Ky",
    "id": "508ADK1dXPWxw0pRt8r4Ky",
    "images": null,
    "name": "pojo playlist1",
    "owner": {
        "display_name": "Priyanka",
        "external_urls": {
            "spotify": "https://open.spotify.com/user/31o3uqah3pqvwedg5ur6swprwnbi"
        },
        "href": "https://api.spotify.com/v1/users/31o3uqah3pqvwedg5ur6swprwnbi",
        "id": "31o3uqah3pqvwedg5ur6swprwnbi",
        "type": "user",
        "uri": "spotify:user:31o3uqah3pqvwedg5ur6swprwnbi"
    },
    "primary_color": null,
    "public": true,
    "snapshot_id": "AAAAARtRj1O8w2Z5KYd4A6WjkuXTlTz1",
    "tracks": {
        "href": "https://api.spotify.com/v1/playlists/508ADK1dXPWxw0pRt8r4Ky/tracks?offset=0&limit=0",
        "items": [
            
        ],
        "limit": 0,
        "next": null,
        "offset": 0,
        "previous": null,
        "total": 0
    },
    "type": "playlist",
    "uri": "spotify:playlist:508ADK1dXPWxw0pRt8r4Ky"
}
]]></system-out>
  </testcase>
  <testcase name="ShouldBeAbleToUpdatePlaylistPOJO" classname="com.spotify.oauth2.tests.PlaylistTest" time="0.294">
    <system-out><![CDATA[Token is good to use
Request method:	PUT
Request URI:	https://api.spotify.com/v1/playlists/2qx6drTDyhQU6ouZSEjRoG
Proxy:			<none>
Request params:	<none>
Query params:	<none>
Form params:	<none>
Path params:	<none>
Headers:		Authorization=Bearer BQCJ-WLTnum3ZDK7HKu5C5QS2JubKxLep6hXUxZBZfBC3tMXIvq2w6y53c1HIgkzztBoBSsaMR1kBYbO_IuCEyJDvHjkj9O2XnzGb3d7S_UWCyEQxxrqlzolMtk4cJx6OOR9zZyFCOMeSVu4blBiHsbu0T9URqaQEB0Yt87fVRcTo8r17hoFZTTBN2UK2tempBey1q1WaNCQCeiy_en_cai1WfkO8K8bewXW0w1Sq2AhtVX-P29YS5erF235aGCdV-NIoidcdFoesU-A
				Accept=*/*
				Content-Type=application/json
Cookies:		<none>
Multiparts:		<none>
Body:
{
    "description": "update pojo descritpion api new",
    "name": "update pojo playlist api new ",
    "public": false,
    "limit": 0
}
HTTP/1.1 200 OK
cache-control: private, max-age=0
x-robots-tag: noindex, nofollow
access-control-allow-origin: *
access-control-allow-headers: Accept, App-Platform, Authorization, Content-Type, Origin, Retry-After, Spotify-App-Version, X-Cloud-Trace-Context, client-token, content-access-token
access-control-allow-methods: GET, POST, OPTIONS, PUT, DELETE, PATCH
access-control-allow-credentials: true
access-control-max-age: 604800
Content-Length: 0
strict-transport-security: max-age=31536000
x-content-type-options: nosniff
date: Mon, 17 Jun 2024 07:32:22 GMT
server: envoy
Via: HTTP/2 edgeproxy, 1.1 google
Alt-Svc: h3=":443"; ma=2592000,h3-29=":443"; ma=2592000
]]></system-out>
  </testcase>
  <testcase name="ShouldNotBeAbleToCreatePlaylistwithExpiredToken" classname="com.spotify.oauth2.tests.PlaylistTest" time="0.751">
    <system-out><![CDATA[Request method:	POST
Request URI:	https://api.spotify.com/v1/users/31o3uqah3pqvwedg5ur6swprwnbi/playlists
Proxy:			<none>
Request params:	<none>
Query params:	<none>
Form params:	<none>
Path params:	<none>
Headers:		Authorization=Bearer 12345
				Accept=*/*
				Content-Type=application/json
Cookies:		<none>
Multiparts:		<none>
Body:
{
    "description": "pojo descritpion1",
    "name": "pojo",
    "public": false,
    "limit": 0
}
HTTP/1.1 401 Unauthorized
www-authenticate: Bearer realm="spotify", error="invalid_token", error_description="Invalid access token"
access-control-allow-origin: *
access-control-allow-headers: Accept, App-Platform, Authorization, Content-Type, Origin, Retry-After, Spotify-App-Version, X-Cloud-Trace-Context, client-token, content-access-token
access-control-allow-methods: GET, POST, OPTIONS, PUT, DELETE, PATCH
access-control-allow-credentials: true
access-control-max-age: 604800
content-type: application/json
content-encoding: gzip
strict-transport-security: max-age=31536000
x-content-type-options: nosniff
date: Mon, 17 Jun 2024 07:32:23 GMT
server: envoy
Via: HTTP/2 edgeproxy, 1.1 google
Alt-Svc: h3=":443"; ma=2592000,h3-29=":443"; ma=2592000
Transfer-Encoding: chunked

{
    "error": {
        "status": 401,
        "message": "Invalid access token"
    }
}
]]></system-out>
  </testcase>
  <testcase name="ShouldNotBeAbleToCreatePlaylistwithName" classname="com.spotify.oauth2.tests.PlaylistTest" time="0.513">
    <system-out><![CDATA[Token is good to use
Request method:	POST
Request URI:	https://api.spotify.com/v1/users/31o3uqah3pqvwedg5ur6swprwnbi/playlists
Proxy:			<none>
Request params:	<none>
Query params:	<none>
Form params:	<none>
Path params:	<none>
Headers:		Authorization=Bearer BQCJ-WLTnum3ZDK7HKu5C5QS2JubKxLep6hXUxZBZfBC3tMXIvq2w6y53c1HIgkzztBoBSsaMR1kBYbO_IuCEyJDvHjkj9O2XnzGb3d7S_UWCyEQxxrqlzolMtk4cJx6OOR9zZyFCOMeSVu4blBiHsbu0T9URqaQEB0Yt87fVRcTo8r17hoFZTTBN2UK2tempBey1q1WaNCQCeiy_en_cai1WfkO8K8bewXW0w1Sq2AhtVX-P29YS5erF235aGCdV-NIoidcdFoesU-A
				Accept=*/*
				Content-Type=application/json
Cookies:		<none>
Multiparts:		<none>
Body:
{
    "description": "pojo descritpion1",
    "name": "",
    "public": false,
    "limit": 0
}
HTTP/1.1 400 Bad Request
content-type: application/json; charset=utf-8
cache-control: private, max-age=0
access-control-allow-origin: *
access-control-allow-headers: Accept, App-Platform, Authorization, Content-Type, Origin, Retry-After, Spotify-App-Version, X-Cloud-Trace-Context, client-token, content-access-token
access-control-allow-methods: GET, POST, OPTIONS, PUT, DELETE, PATCH
access-control-allow-credentials: true
access-control-max-age: 604800
content-encoding: gzip
strict-transport-security: max-age=31536000
x-content-type-options: nosniff
date: Mon, 17 Jun 2024 07:32:23 GMT
server: envoy
Via: HTTP/2 edgeproxy, 1.1 google
Alt-Svc: h3=":443"; ma=2592000,h3-29=":443"; ma=2592000
Transfer-Encoding: chunked

{
    "error": {
        "status": 400,
        "message": "Missing required field: name"
    }
}
]]></system-out>
  </testcase>
</testsuite>