<?xml version="1.0" encoding="UTF-8"?>
<testsuite xmlns:xsi="http://www.w3.org/2001/XMLSchema-instance" xsi:noNamespaceSchemaLocation="https://maven.apache.org/surefire/maven-surefire-plugin/xsd/surefire-test-report-3.0.xsd" version="3.0" name="TestSuite" time="19.409" tests="5" errors="0" skipped="0" failures="0">
  <properties>
[...]
</properties>
  <testcase name="ShouldNotBeAbleToCreatePlaylistwithExpiredToken" classname="com.spotify.oauth2.tests.PlaylistTest" time="11.741">
    <system-out><![CDATA[Renewing token
Request method:	POST
Request URI:	https://accounts.spotify.com/api/token
Proxy:			<none>
Request params:	<none>
Query params:	<none>
Form params:	refresh_token=AQDsusGKa2BS559yhiXRF9YAzVF8qDc3RbOvOtMIVfLTtlaWdva8bO4IYiu68YOU-HvyQjBQkop-YUfiMxd_3IF2OSvwxDtdr8swMJKbafY1VgRK5F9fTP_mR_e8_3ylzjk
				grant_type=refresh_token
				client_secret=a0def64bf0fc442594d85de5c32f3188
				client_id=d91b4a1f689842b0a7ab7fee6f564fa6
Path params:	<none>
Headers:		Accept=*/*
				Content-Type=application/x-www-form-urlencoded; charset=ISO-8859-1
Cookies:		<none>
Multiparts:		<none>
Body:			<none>
Request method:	POST
Request URI:	https://api.spotify.com/v1/users/31o3uqah3pqvwedg5ur6swprwnbi/playlists
Proxy:			<none>
Request params:	<none>
Query params:	<none>
Form params:	<none>
Path params:	<none>
Headers:		Accept=*/*
				Content-Type=application/json
Cookies:		<none>
Multiparts:		<none>
Body:
{
    "description": "DescriptionW#N&of+&+c+#T1#+W#7XWhzb3&2Zt+c+#X/#R&8S0Yt#zv2+##",
    "name": "PlayListy,,,,,,,,,,",
    "public": false,
    "limit": 0
}
HTTP/1.1 200 OK
date: Tue, 18 Jun 2024 19:17:05 GMT
content-type: application/json
vary: Accept-Encoding
set-cookie: __Host-device_id=AQCUCtXil8Li7ay2gGKCnf8ISTIe8zrgAxUwf6lpW13YRtBkGxtk3OHfwEkWV4wrj8zc8lh-dUEnduUDWd3yW3Dcrvdrk9KeyxA;Version=1;Path=/;Max-Age=2147483647;Secure;HttpOnly;SameSite=Lax
set-cookie: sp_tr=false;Version=1;Domain=accounts.spotify.com;Path=/;Secure;SameSite=Lax
sp-trace-id: d553095a5d94ba69
content-encoding: gzip
x-envoy-upstream-service-time: 40
server: envoy
strict-transport-security: max-age=31536000
x-content-type-options: nosniff
Via: HTTP/2 edgeproxy, 1.1 google
Alt-Svc: h3=":443"; ma=2592000,h3-29=":443"; ma=2592000
Transfer-Encoding: chunked

{
    "access_token": "BQAEqA5M9vdJIgyQQB8_18pxZ4jA2GrsiROM8jlUkwqE8BNbq-0hj1tkW6iPr6ojnMAxtX00mTH0EfXorivzl-5S9sdyx1AV3JIzffU45nYPrfxx5vxqiUviJTfADQfrmfeULHAJEgYgSmTHoMvxmIgK57BHdssyt2P19YPDMA3GEiSg4GQyrCJ42cKVR1HAXhEwrBGtM_r2XA5WcM7klR2XWjnv3rujen_y-TTDY_tRqpkcNhGi03soF2jjHJFx44llKbD7OHkHMfua",
    "token_type": "Bearer",
    "expires_in": 3600,
    "scope": "playlist-read-private playlist-read-collaborative playlist-modify-private playlist-modify-public"
}
HTTP/1.1 401 Unauthorized
www-authenticate: Bearer realm="spotify", error="invalid_token", error_description="Invalid access token"
access-control-allow-origin: *
access-control-allow-headers: Accept, App-Platform, Authorization, Content-Type, Origin, Retry-After, Spotify-App-Version, X-Cloud-Trace-Context, client-token, content-access-token
access-control-allow-methods: GET, POST, OPTIONS, PUT, DELETE, PATCH
access-control-allow-credentials: true
access-control-max-age: 604800
content-type: application/json
content-encoding: gzip
strict-transport-security: max-age=31536000
x-content-type-options: nosniff
date: Tue, 18 Jun 2024 19:17:05 GMT
server: envoy
Via: HTTP/2 edgeproxy, 1.1 google
Alt-Svc: h3=":443"; ma=2592000,h3-29=":443"; ma=2592000
Transfer-Encoding: chunked

{
    "error": {
        "status": 401,
        "message": "Invalid access token"
    }
}
]]></system-out>
    <system-err><![CDATA[SLF4J: Failed to load class "org.slf4j.impl.StaticLoggerBinder".
SLF4J: Defaulting to no-operation (NOP) logger implementation
SLF4J: See http://www.slf4j.org/codes.html#StaticLoggerBinder for further details.
]]></system-err>
  </testcase>
  <testcase name="ShouldNotBeAbleToCreatePlaylistwithName" classname="com.spotify.oauth2.tests.PlaylistTest" time="14.078">
    <system-out><![CDATA[Token is good to use
Token is good to use
Request method:	GET
Request URI:	https://api.spotify.com/v1/playlists/508ADK1dXPWxw0pRt8r4Ky
Proxy:			<none>
Request params:	<none>
Query params:	<none>
Form params:	<none>
Path params:	<none>
Headers:		Accept=*/*
				Content-Type=application/json
Cookies:		<none>
Multiparts:		<none>
Body:			<none>
Token is good to use
Request method:	POST
Request URI:	https://api.spotify.com/v1/users/31o3uqah3pqvwedg5ur6swprwnbi/playlists
Proxy:			<none>
Request params:	<none>
Query params:	<none>
Form params:	<none>
Path params:	<none>
Headers:		Accept=*/*
				Content-Type=application/json
Cookies:		<none>
Multiparts:		<none>
Body:
{
    "description": "Description&++#+&+++35+#fE#G+##+d#h&#&#oB6++3C+&g&P+F#&47#+9&",
    "name": "PlayList-,,,,,,,,,,",
    "public": false,
    "limit": 0
}
Request method:	POST
Request URI:	https://api.spotify.com/v1/users/31o3uqah3pqvwedg5ur6swprwnbi/playlists
Proxy:			<none>
Request params:	<none>
Query params:	<none>
Form params:	<none>
Path params:	<none>
Headers:		Accept=*/*
				Content-Type=application/json
Cookies:		<none>
Multiparts:		<none>
Body:
{
    "description": "DescriptionC#.kb&9#7+C+&&#&X#&+v#&UW+++01e#1&rp7D&&0#&25R#&0-",
    "name": "",
    "public": false,
    "limit": 0
}
Request method:	PUT
Request URI:	https://api.spotify.com/v1/playlists/2qx6drTDyhQU6ouZSEjRoG
Proxy:			<none>
Request params:	<none>
Query params:	<none>
Form params:	<none>
Path params:	<none>
Headers:		Accept=*/*
				Content-Type=application/json
Cookies:		<none>
Multiparts:		<none>
Body:
{
    "description": "Description5ZCL+/3#.OUWm#P#T#####e&&l&+e5+I.&&##A&&+v.##3lC+&",
    "name": "PlayList_,,,,,,,,,,",
    "public": false,
    "limit": 0
}
HTTP/1.1 400 Bad Request
content-type: application/json; charset=utf-8
cache-control: private, max-age=0
access-control-allow-origin: *
access-control-allow-headers: Accept, App-Platform, Authorization, Content-Type, Origin, Retry-After, Spotify-App-Version, X-Cloud-Trace-Context, client-token, content-access-token
access-control-allow-methods: GET, POST, OPTIONS, PUT, DELETE, PATCH
access-control-allow-credentials: true
access-control-max-age: 604800
content-encoding: gzip
strict-transport-security: max-age=31536000
x-content-type-options: nosniff
date: Tue, 18 Jun 2024 19:17:08 GMT
server: envoy
Via: HTTP/2 edgeproxy, 1.1 google
Alt-Svc: h3=":443"; ma=2592000,h3-29=":443"; ma=2592000
Transfer-Encoding: chunked

{
    "error": {
        "status": 400,
        "message": "Missing required field: name"
    }
}
]]></system-out>
  </testcase>
  <testcase name="ShouldBeAbleToCreatePlaylistPOJO" classname="com.spotify.oauth2.tests.PlaylistTest" time="14.095">
    <system-out><![CDATA[HTTP/1.1 201 Created
content-type: application/json; charset=utf-8
cache-control: private, max-age=0
x-robots-tag: noindex, nofollow
access-control-allow-origin: *
access-control-allow-headers: Accept, App-Platform, Authorization, Content-Type, Origin, Retry-After, Spotify-App-Version, X-Cloud-Trace-Context, client-token, content-access-token
access-control-allow-methods: GET, POST, OPTIONS, PUT, DELETE, PATCH
access-control-allow-credentials: true
access-control-max-age: 604800
content-encoding: gzip
strict-transport-security: max-age=31536000
x-content-type-options: nosniff
date: Tue, 18 Jun 2024 19:17:08 GMT
server: envoy
Via: HTTP/2 edgeproxy, 1.1 google
Alt-Svc: h3=":443"; ma=2592000,h3-29=":443"; ma=2592000
Transfer-Encoding: chunked

{
    "collaborative": false,
    "description": "Description&++#+&+++35+#fE#G+##+d#h&#&#oB6++3C+&g&P+F#&47#+9&",
    "external_urls": {
        "spotify": "https://open.spotify.com/playlist/18DArTjR1G1vKbcLoQ2RwN"
    },
    "followers": {
        "href": null,
        "total": 0
    },
    "href": "https://api.spotify.com/v1/playlists/18DArTjR1G1vKbcLoQ2RwN",
    "id": "18DArTjR1G1vKbcLoQ2RwN",
    "images": [
        
    ],
    "primary_color": null,
    "name": "PlayList-,,,,,,,,,,",
    "type": "playlist",
    "uri": "spotify:playlist:18DArTjR1G1vKbcLoQ2RwN",
    "owner": {
        "href": "https://api.spotify.com/v1/users/ec094942f7bf481da2e2226afe19b1f9",
        "id": "ec094942f7bf481da2e2226afe19b1f9",
        "type": "user",
        "uri": "spotify:user:ec094942f7bf481da2e2226afe19b1f9",
        "display_name": null,
        "external_urls": {
            "spotify": "https://open.spotify.com/user/ec094942f7bf481da2e2226afe19b1f9"
        }
    },
    "public": false,
    "snapshot_id": "AAAANQniPGLCTyMgtRvOStaqdyGI8oiP",
    "tracks": {
        "limit": 100,
        "next": null,
        "offset": 0,
        "previous": null,
        "href": "https://api.spotify.com/v1/playlists/18DArTjR1G1vKbcLoQ2RwN/tracks",
        "total": 0,
        "items": [
            
        ]
    }
}
HTTP/1.1 200 OK
content-type: application/json; charset=utf-8
cache-control: public, max-age=0
etag: "MC-IjdmNzQyNTY5NWI4MzIyZDViZTlmY2YwODE4ZTAwYTE5Ig=="
x-robots-tag: noindex, nofollow
access-control-allow-origin: *
access-control-allow-headers: Accept, App-Platform, Authorization, Content-Type, Origin, Retry-After, Spotify-App-Version, X-Cloud-Trace-Context, client-token, content-access-token
access-control-allow-methods: GET, POST, OPTIONS, PUT, DELETE, PATCH
access-control-allow-credentials: true
access-control-max-age: 604800
content-encoding: gzip
strict-transport-security: max-age=31536000
x-content-type-options: nosniff
date: Tue, 18 Jun 2024 19:17:09 GMT
server: envoy
Via: HTTP/2 edgeproxy, 1.1 google
Alt-Svc: h3=":443"; ma=2592000,h3-29=":443"; ma=2592000
Transfer-Encoding: chunked

{
    "collaborative": false,
    "description": "pojo descritpion",
    "external_urls": {
        "spotify": "https://open.spotify.com/playlist/508ADK1dXPWxw0pRt8r4Ky"
    },
    "followers": {
        "href": null,
        "total": 0
    },
    "href": "https://api.spotify.com/v1/playlists/508ADK1dXPWxw0pRt8r4Ky",
    "id": "508ADK1dXPWxw0pRt8r4Ky",
    "images": null,
    "name": "pojo playlist1",
    "owner": {
        "display_name": "Priyanka",
        "external_urls": {
            "spotify": "https://open.spotify.com/user/31o3uqah3pqvwedg5ur6swprwnbi"
        },
        "href": "https://api.spotify.com/v1/users/31o3uqah3pqvwedg5ur6swprwnbi",
        "id": "31o3uqah3pqvwedg5ur6swprwnbi",
        "type": "user",
        "uri": "spotify:user:31o3uqah3pqvwedg5ur6swprwnbi"
    },
    "primary_color": null,
    "public": true,
    "snapshot_id": "AAAAARtRj1O8w2Z5KYd4A6WjkuXTlTz1",
    "tracks": {
        "href": "https://api.spotify.com/v1/playlists/508ADK1dXPWxw0pRt8r4Ky/tracks?offset=0&limit=0",
        "items": [
            
        ],
        "limit": 0,
        "next": null,
        "offset": 0,
        "previous": null,
        "total": 0
    },
    "type": "playlist",
    "uri": "spotify:playlist:508ADK1dXPWxw0pRt8r4Ky"
}
]]></system-out>
  </testcase>
  <testcase name="ShouldBeAbleToGetPlaylistPOJO" classname="com.spotify.oauth2.tests.PlaylistTest" time="14.095"/>
  <testcase name="ShouldBeAbleToUpdatePlaylistPOJO" classname="com.spotify.oauth2.tests.PlaylistTest" time="14.097">
    <system-out><![CDATA[HTTP/1.1 200 OK
cache-control: private, max-age=0
x-robots-tag: noindex, nofollow
access-control-allow-origin: *
access-control-allow-headers: Accept, App-Platform, Authorization, Content-Type, Origin, Retry-After, Spotify-App-Version, X-Cloud-Trace-Context, client-token, content-access-token
access-control-allow-methods: GET, POST, OPTIONS, PUT, DELETE, PATCH
access-control-allow-credentials: true
access-control-max-age: 604800
Content-Length: 0
strict-transport-security: max-age=31536000
x-content-type-options: nosniff
date: Tue, 18 Jun 2024 19:17:08 GMT
server: envoy
Via: HTTP/2 edgeproxy, 1.1 google
Alt-Svc: h3=":443"; ma=2592000,h3-29=":443"; ma=2592000
]]></system-out>
  </testcase>
</testsuite>