<?xml version="1.0" encoding="UTF-8"?>
<testng-results ignored="0" total="5" passed="5" failed="0" skipped="0">
  <reporter-output>
  </reporter-output>
  <suite started-at="2024-06-17T20:26:49 IST" name="Surefire suite" finished-at="2024-06-17T20:27:03 IST" duration-ms="14215">
    <groups>
    </groups>
    <test started-at="2024-06-17T20:26:49 IST" name="Surefire test" finished-at="2024-06-17T20:27:03 IST" duration-ms="14215">
      <class name="com.spotify.oauth2.tests.PlaylistTest">
        <test-method signature="ShouldNotBeAbleToCreatePlaylistwithName()[pri:0, instance:com.spotify.oauth2.tests.PlaylistTest@1d782abe]" started-at="2024-06-17T20:26:49 IST" name="ShouldNotBeAbleToCreatePlaylistwithName" finished-at="2024-06-17T20:27:03 IST" duration-ms="13881" status="PASS">
          <reporter-output>
          </reporter-output>
        </test-method> <!-- ShouldNotBeAbleToCreatePlaylistwithName -->
        <test-method signature="ShouldBeAbleToCreatePlaylistPOJO()[pri:0, instance:com.spotify.oauth2.tests.PlaylistTest@1d782abe]" started-at="2024-06-17T20:26:49 IST" name="ShouldBeAbleToCreatePlaylistPOJO" description="should be create a playlist " finished-at="2024-06-17T20:27:03 IST" duration-ms="13919" status="PASS">
          <reporter-output>
          </reporter-output>
        </test-method> <!-- ShouldBeAbleToCreatePlaylistPOJO -->
        <test-method signature="ShouldBeAbleToGetPlaylistPOJO()[pri:0, instance:com.spotify.oauth2.tests.PlaylistTest@1d782abe]" started-at="2024-06-17T20:26:49 IST" name="ShouldBeAbleToGetPlaylistPOJO" finished-at="2024-06-17T20:27:03 IST" duration-ms="13420" status="PASS">
          <reporter-output>
          </reporter-output>
        </test-method> <!-- ShouldBeAbleToGetPlaylistPOJO -->
        <test-method signature="ShouldBeAbleToUpdatePlaylistPOJO()[pri:0, instance:com.spotify.oauth2.tests.PlaylistTest@1d782abe]" started-at="2024-06-17T20:26:49 IST" name="ShouldBeAbleToUpdatePlaylistPOJO" finished-at="2024-06-17T20:27:03 IST" duration-ms="13954" status="PASS">
          <reporter-output>
          </reporter-output>
        </test-method> <!-- ShouldBeAbleToUpdatePlaylistPOJO -->
        <test-method signature="ShouldNotBeAbleToCreatePlaylistwithExpiredToken()[pri:0, instance:com.spotify.oauth2.tests.PlaylistTest@1d782abe]" started-at="2024-06-17T20:26:49 IST" name="ShouldNotBeAbleToCreatePlaylistwithExpiredToken" finished-at="2024-06-17T20:26:59 IST" duration-ms="9229" status="PASS">
          <reporter-output>
          </reporter-output>
        </test-method> <!-- ShouldNotBeAbleToCreatePlaylistwithExpiredToken -->
      </class> <!-- com.spotify.oauth2.tests.PlaylistTest -->
    </test> <!-- Surefire test -->
  </suite> <!-- Surefire suite -->
</testng-results>
