<?xml version="1.0" encoding="UTF-8"?>
<testng-results ignored="0" total="5" passed="5" failed="0" skipped="0">
  <reporter-output>
  </reporter-output>
  <suite started-at="2024-06-19T00:46:54 IST" name="Surefire suite" finished-at="2024-06-19T00:47:08 IST" duration-ms="14145">
    <groups>
    </groups>
    <test started-at="2024-06-19T00:46:54 IST" name="Surefire test" finished-at="2024-06-19T00:47:08 IST" duration-ms="14145">
      <class name="com.spotify.oauth2.tests.PlaylistTest">
        <test-method signature="ShouldBeAbleToGetPlaylistPOJO()[pri:0, instance:com.spotify.oauth2.tests.PlaylistTest@201aa8c1]" started-at="2024-06-19T00:46:54 IST" name="ShouldBeAbleToGetPlaylistPOJO" finished-at="2024-06-19T00:47:08 IST" duration-ms="13899" status="PASS">
          <reporter-output>
          </reporter-output>
        </test-method> <!-- ShouldBeAbleToGetPlaylistPOJO -->
        <test-method signature="ShouldBeAbleToCreatePlaylistPOJO()[pri:0, instance:com.spotify.oauth2.tests.PlaylistTest@201aa8c1]" started-at="2024-06-19T00:46:54 IST" name="ShouldBeAbleToCreatePlaylistPOJO" description="should be create a playlist " finished-at="2024-06-19T00:47:08 IST" duration-ms="13888" status="PASS">
          <reporter-output>
          </reporter-output>
        </test-method> <!-- ShouldBeAbleToCreatePlaylistPOJO -->
        <test-method signature="ShouldNotBeAbleToCreatePlaylistwithName()[pri:0, instance:com.spotify.oauth2.tests.PlaylistTest@201aa8c1]" started-at="2024-06-19T00:46:54 IST" name="ShouldNotBeAbleToCreatePlaylistwithName" finished-at="2024-06-19T00:47:08 IST" duration-ms="13725" status="PASS">
          <reporter-output>
          </reporter-output>
        </test-method> <!-- ShouldNotBeAbleToCreatePlaylistwithName -->
        <test-method signature="ShouldBeAbleToUpdatePlaylistPOJO()[pri:0, instance:com.spotify.oauth2.tests.PlaylistTest@201aa8c1]" started-at="2024-06-19T00:46:54 IST" name="ShouldBeAbleToUpdatePlaylistPOJO" finished-at="2024-06-19T00:47:08 IST" duration-ms="13954" status="PASS">
          <reporter-output>
          </reporter-output>
        </test-method> <!-- ShouldBeAbleToUpdatePlaylistPOJO -->
        <test-method signature="ShouldNotBeAbleToCreatePlaylistwithExpiredToken()[pri:0, instance:com.spotify.oauth2.tests.PlaylistTest@201aa8c1]" started-at="2024-06-19T00:46:54 IST" name="ShouldNotBeAbleToCreatePlaylistwithExpiredToken" finished-at="2024-06-19T00:47:05 IST" duration-ms="11290" status="PASS">
          <reporter-output>
          </reporter-output>
        </test-method> <!-- ShouldNotBeAbleToCreatePlaylistwithExpiredToken -->
      </class> <!-- com.spotify.oauth2.tests.PlaylistTest -->
    </test> <!-- Surefire test -->
  </suite> <!-- Surefire suite -->
</testng-results>
