<?xml version="1.0" encoding="UTF-8"?>
<testng-results ignored="0" total="5" passed="5" failed="0" skipped="0">
  <reporter-output>
  </reporter-output>
  <suite started-at="2024-06-17T17:14:21 IST" name="Default suite" finished-at="2024-06-17T17:14:29 IST" duration-ms="8571">
    <groups>
    </groups>
    <test started-at="2024-06-17T17:14:21 IST" name="Default test" finished-at="2024-06-17T17:14:29 IST" duration-ms="8571">
      <class name="com.spotify.oauth2.tests.PlaylistTest">
        <test-method signature="ShouldBeAbleToCreatePlaylistPOJO()[pri:0, instance:com.spotify.oauth2.tests.PlaylistTest@15dd5ac2]" started-at="2024-06-17T17:14:21 IST" name="ShouldBeAbleToCreatePlaylistPOJO" description="should be create a playlist " finished-at="2024-06-17T17:14:28 IST" duration-ms="7252" status="PASS">
          <reporter-output>
          </reporter-output>
        </test-method> <!-- ShouldBeAbleToCreatePlaylistPOJO -->
        <test-method signature="ShouldBeAbleToGetPlaylistPOJO()[pri:0, instance:com.spotify.oauth2.tests.PlaylistTest@15dd5ac2]" started-at="2024-06-17T17:14:28 IST" name="ShouldBeAbleToGetPlaylistPOJO" finished-at="2024-06-17T17:14:28 IST" duration-ms="268" status="PASS">
          <reporter-output>
          </reporter-output>
        </test-method> <!-- ShouldBeAbleToGetPlaylistPOJO -->
        <test-method signature="ShouldBeAbleToUpdatePlaylistPOJO()[pri:0, instance:com.spotify.oauth2.tests.PlaylistTest@15dd5ac2]" started-at="2024-06-17T17:14:28 IST" name="ShouldBeAbleToUpdatePlaylistPOJO" finished-at="2024-06-17T17:14:29 IST" duration-ms="312" status="PASS">
          <reporter-output>
          </reporter-output>
        </test-method> <!-- ShouldBeAbleToUpdatePlaylistPOJO -->
        <test-method signature="ShouldNotBeAbleToCreatePlaylistwithExpiredToken()[pri:0, instance:com.spotify.oauth2.tests.PlaylistTest@15dd5ac2]" started-at="2024-06-17T17:14:29 IST" name="ShouldNotBeAbleToCreatePlaylistwithExpiredToken" finished-at="2024-06-17T17:14:29 IST" duration-ms="186" status="PASS">
          <reporter-output>
          </reporter-output>
        </test-method> <!-- ShouldNotBeAbleToCreatePlaylistwithExpiredToken -->
        <test-method signature="ShouldNotBeAbleToCreatePlaylistwithName()[pri:0, instance:com.spotify.oauth2.tests.PlaylistTest@15dd5ac2]" started-at="2024-06-17T17:14:29 IST" name="ShouldNotBeAbleToCreatePlaylistwithName" finished-at="2024-06-17T17:14:29 IST" duration-ms="219" status="PASS">
          <reporter-output>
          </reporter-output>
        </test-method> <!-- ShouldNotBeAbleToCreatePlaylistwithName -->
      </class> <!-- com.spotify.oauth2.tests.PlaylistTest -->
    </test> <!-- Default test -->
  </suite> <!-- Default suite -->
</testng-results>
