<?xml version="1.0" encoding="UTF-8"?>
<testng-results ignored="0" total="5" passed="5" failed="0" skipped="0">
  <reporter-output>
  </reporter-output>
  <suite started-at="2024-06-19T00:49:31 IST" name="Default suite" finished-at="2024-06-19T00:49:42 IST" duration-ms="11027">
    <groups>
    </groups>
    <test started-at="2024-06-19T00:49:31 IST" name="Default test" finished-at="2024-06-19T00:49:42 IST" duration-ms="11027">
      <class name="com.spotify.oauth2.tests.PlaylistTest">
        <test-method signature="ShouldBeAbleToCreatePlaylistPOJO()[pri:0, instance:com.spotify.oauth2.tests.PlaylistTest@4d48bd85]" started-at="2024-06-19T00:49:31 IST" name="ShouldBeAbleToCreatePlaylistPOJO" description="should be create a playlist " finished-at="2024-06-19T00:49:39 IST" duration-ms="8605" status="PASS">
          <reporter-output>
          </reporter-output>
        </test-method> <!-- ShouldBeAbleToCreatePlaylistPOJO -->
        <test-method signature="ShouldBeAbleToGetPlaylistPOJO()[pri:0, instance:com.spotify.oauth2.tests.PlaylistTest@4d48bd85]" started-at="2024-06-19T00:49:40 IST" name="ShouldBeAbleToGetPlaylistPOJO" finished-at="2024-06-19T00:49:40 IST" duration-ms="784" status="PASS">
          <reporter-output>
          </reporter-output>
        </test-method> <!-- ShouldBeAbleToGetPlaylistPOJO -->
        <test-method signature="ShouldBeAbleToUpdatePlaylistPOJO()[pri:0, instance:com.spotify.oauth2.tests.PlaylistTest@4d48bd85]" started-at="2024-06-19T00:49:40 IST" name="ShouldBeAbleToUpdatePlaylistPOJO" finished-at="2024-06-19T00:49:41 IST" duration-ms="389" status="PASS">
          <reporter-output>
          </reporter-output>
        </test-method> <!-- ShouldBeAbleToUpdatePlaylistPOJO -->
        <test-method signature="ShouldNotBeAbleToCreatePlaylistwithExpiredToken()[pri:0, instance:com.spotify.oauth2.tests.PlaylistTest@4d48bd85]" started-at="2024-06-19T00:49:41 IST" name="ShouldNotBeAbleToCreatePlaylistwithExpiredToken" finished-at="2024-06-19T00:49:41 IST" duration-ms="462" status="PASS">
          <reporter-output>
          </reporter-output>
        </test-method> <!-- ShouldNotBeAbleToCreatePlaylistwithExpiredToken -->
        <test-method signature="ShouldNotBeAbleToCreatePlaylistwithName()[pri:0, instance:com.spotify.oauth2.tests.PlaylistTest@4d48bd85]" started-at="2024-06-19T00:49:41 IST" name="ShouldNotBeAbleToCreatePlaylistwithName" finished-at="2024-06-19T00:49:42 IST" duration-ms="524" status="PASS">
          <reporter-output>
          </reporter-output>
        </test-method> <!-- ShouldNotBeAbleToCreatePlaylistwithName -->
      </class> <!-- com.spotify.oauth2.tests.PlaylistTest -->
    </test> <!-- Default test -->
  </suite> <!-- Default suite -->
</testng-results>
